<?xml version="1.0" encoding="UTF-8"?>
<!-- Generated by org.testng.reporters.JUnitReportReporter -->
<testsuite hostname="arbazjalshi" failures="0" tests="1" name="com.DemoQA.Forms" time="32.371" errors="0" timestamp="2023-09-04T19:09:44 IST" skipped="0">
  <testcase classname="com.DemoQA.Forms" name="testPracticeForm" time="32.371"/>
  <system-out/>
</testsuite> <!-- com.DemoQA.Forms -->
