<?xml version="1.0" encoding="UTF-8"?>
<!-- Generated by org.testng.reporters.JUnitReportReporter -->
<testsuite hostname="arbazjalshi" failures="0" tests="8" name="com.DemoQA.Elements" time="194.182" errors="0" timestamp="2023-09-04T19:09:44 IST" skipped="0">
  <testcase classname="com.DemoQA.Elements" name="testTextbox" time="16.435"/>
  <system-out/>
  <testcase classname="com.DemoQA.Elements" name="testWebTable" time="37.754"/>
  <system-out/>
  <testcase classname="com.DemoQA.Elements" name="testCheckbox" time="26.298"/>
  <system-out/>
  <testcase classname="com.DemoQA.Elements" name="testBrokenLink" time="21.244"/>
  <system-out/>
  <testcase classname="com.DemoQA.Elements" name="testUploadAndDownload" time="31.047"/>
  <system-out/>
  <testcase classname="com.DemoQA.Elements" name="testLinks" time="24.507"/>
  <system-out/>
  <testcase classname="com.DemoQA.Elements" name="testButton" time="22.115"/>
  <system-out/>
  <testcase classname="com.DemoQA.Elements" name="testRadioButton" time="14.782"/>
  <system-out/>
</testsuite> <!-- com.DemoQA.Elements -->
