<?xml version="1.0" encoding="UTF-8"?>
<!-- Generated by org.testng.reporters.JUnitReportReporter -->
<testsuite hostname="arbazjalshi" failures="0" tests="5" name="com.DemoQA.Interactions" time="108.420" errors="0" timestamp="2023-09-04T19:09:44 IST" skipped="0">
  <testcase classname="com.DemoQA.Interactions" name="testDraggable" time="20.367"/>
  <system-out/>
  <testcase classname="com.DemoQA.Interactions" name="testDroppable" time="22.855"/>
  <system-out/>
  <testcase classname="com.DemoQA.Interactions" name="testSortable" time="22.759"/>
  <system-out/>
  <testcase classname="com.DemoQA.Interactions" name="testResizable" time="17.098"/>
  <system-out/>
  <testcase classname="com.DemoQA.Interactions" name="testSelectable" time="25.341"/>
  <system-out/>
</testsuite> <!-- com.DemoQA.Interactions -->
