<?xml version="1.0" encoding="UTF-8"?>
<!-- Generated by org.testng.reporters.JUnitReportReporter -->
<testsuite hostname="arbazjalshi" failures="0" tests="5" name="com.DemoQA.AlertsFrameAndWindows" time="157.977" errors="0" timestamp="2023-09-04T19:09:44 IST" skipped="0">
  <testcase classname="com.DemoQA.AlertsFrameAndWindows" name="testAlerts" time="54.370"/>
  <system-out/>
  <testcase classname="com.DemoQA.AlertsFrameAndWindows" name="testFrame" time="24.887"/>
  <system-out/>
  <testcase classname="com.DemoQA.AlertsFrameAndWindows" name="testNestedFrame" time="21.145"/>
  <system-out/>
  <testcase classname="com.DemoQA.AlertsFrameAndWindows" name="testModelDialogs" time="27.948"/>
  <system-out/>
  <testcase classname="com.DemoQA.AlertsFrameAndWindows" name="testBrowserWindow" time="29.627"/>
  <system-out/>
</testsuite> <!-- com.DemoQA.AlertsFrameAndWindows -->
